-------------------------------------------------------------------------------
Test set: program.projectTest
-------------------------------------------------------------------------------
Tests run: 12, Failures: 10, Errors: 0, Skipped: 0, Time elapsed: 1.494 sec <<< FAILURE!
afterClassTest(program.projectTest)  Time elapsed: 0.034 sec  <<< FAILURE!
java.lang.RuntimeException: Test not implemented
	at program.projectTest.afterClassTest(projectTest.java:61)

afterMethodTest(program.projectTest)  Time elapsed: 0 sec  <<< FAILURE!
java.lang.RuntimeException: Test not implemented
	at program.projectTest.afterMethodTest(projectTest.java:66)

afterSuiteTest(program.projectTest)  Time elapsed: 0 sec  <<< FAILURE!
java.lang.RuntimeException: Test not implemented
	at program.projectTest.afterSuiteTest(projectTest.java:71)

afterTestTest(program.projectTest)  Time elapsed: 0.001 sec  <<< FAILURE!
java.lang.RuntimeException: Test not implemented
	at program.projectTest.afterTestTest(projectTest.java:76)

beforeClassTest(program.projectTest)  Time elapsed: 0.002 sec  <<< FAILURE!
java.lang.RuntimeException: Test not implemented
	at program.projectTest.beforeClassTest(projectTest.java:81)

beforeMethodTest(program.projectTest)  Time elapsed: 0.001 sec  <<< FAILURE!
java.lang.RuntimeException: Test not implemented
	at program.projectTest.beforeMethodTest(projectTest.java:86)

beforeSuiteTest(program.projectTest)  Time elapsed: 0.007 sec  <<< FAILURE!
java.lang.RuntimeException: Test not implemented
	at program.projectTest.beforeSuiteTest(projectTest.java:91)

beforeTestTest(program.projectTest)  Time elapsed: 0.001 sec  <<< FAILURE!
java.lang.RuntimeException: Test not implemented
	at program.projectTest.beforeTestTest(projectTest.java:96)

dpTest(program.projectTest)  Time elapsed: 0.001 sec  <<< FAILURE!
java.lang.RuntimeException: Test not implemented
	at program.projectTest.dpTest(projectTest.java:101)

tstmdTest(program.projectTest)  Time elapsed: 0.003 sec  <<< FAILURE!
java.lang.RuntimeException: Test not implemented
	at program.projectTest.tstmdTest(projectTest.java:106)

